#
# There is insufficient memory for the Java Runtime Environment to continue.
# Native memory allocation (mmap) failed to map 134217728 bytes for G1 virtual space
# Possible reasons:
#   The system is out of physical RAM or swap space
#   The process is running with CompressedOops enabled, and the Java Heap may be blocking the growth of the native heap
# Possible solutions:
#   Reduce memory load on the system
#   Increase physical memory or swap space
#   Check if swap backing store is full
#   Decrease Java heap size (-Xmx/-Xms)
#   Decrease number of Java threads
#   Decrease Java thread stack sizes (-Xss)
#   Set larger code cache with -XX:ReservedCodeCacheSize=
#   JVM is running with Unscaled Compressed Oops mode in which the Java heap is
#     placed in the first 4GB address space. The Java Heap base address is the
#     maximum limit for the native heap growth. Please use -XX:HeapBaseMinAddress
#     to set the Java Heap base and to place the Java Heap above 4GB virtual address.
# This output file may be truncated or incomplete.
#
#  Out of Memory Error (os_windows.cpp:3527), pid=7376, tid=12980
#
# JRE version:  (19.0.1+10) (build )
# Java VM: OpenJDK 64-Bit Server VM (19.0.1+10-21, mixed mode, sharing, tiered, compressed oops, compressed class ptrs, g1 gc, windows-amd64)
# No core dump will be written. Minidumps are not enabled by default on client versions of Windows
#

---------------  S U M M A R Y ------------

Command Line: -ea -Didea.test.cyclic.buffer.size=1048576 -javaagent:C:\Program Files\JetBrains\IntelliJ IDEA 2022.2.3\lib\idea_rt.jar=58006:C:\Program Files\JetBrains\IntelliJ IDEA 2022.2.3\bin -Dfile.encoding=UTF-8 -Dsun.stdout.encoding=UTF-8 -Dsun.stderr.encoding=UTF-8 com.intellij.rt.junit.JUnitStarter -ideVersion5 -junit5 OperatiiTest

Host: Intel(R) Core(TM) i7-6700HQ CPU @ 2.60GHz, 8 cores, 7G,  Windows 10 , 64 bit Build 19041 (10.0.19041.2546)
Time: Thu Mar 30 21:22:38 2023 GTB Daylight Time elapsed time: 0.027573 seconds (0d 0h 0m 0s)

---------------  T H R E A D  ---------------

Current thread (0x0000019f857dea00):  JavaThread "Unknown thread" [_thread_in_vm, id=12980, stack(0x00000027fd700000,0x00000027fd800000)]

Stack: [0x00000027fd700000,0x00000027fd800000]
Native frames: (J=compiled Java code, j=interpreted, Vv=VM code, C=native code)
V  [jvm.dll+0x6ee8fa]
V  [jvm.dll+0x857a1e]
V  [jvm.dll+0x85940e]
V  [jvm.dll+0x859ac3]
V  [jvm.dll+0x28291f]
V  [jvm.dll+0x6eb6e9]
V  [jvm.dll+0x6e028a]
V  [jvm.dll+0x357136]
V  [jvm.dll+0x35eb96]
V  [jvm.dll+0x3b555e]
V  [jvm.dll+0x3b578f]
V  [jvm.dll+0x32c6ea]
V  [jvm.dll+0x32d59e]
V  [jvm.dll+0x821b20]
V  [jvm.dll+0x3c27c1]
V  [jvm.dll+0x8022f1]
V  [jvm.dll+0x44b30f]
V  [jvm.dll+0x44cc91]
C  [jli.dll+0x5287]
C  [ucrtbase.dll+0x21bb2]
C  [KERNEL32.DLL+0x17614]
C  [ntdll.dll+0x526a1]


---------------  P R O C E S S  ---------------

Threads class SMR info:
_java_thread_list=0x00007ffcbccdd048, length=0, elements={
}

Java Threads: ( => current thread )

Other Threads:
  0x0000019f8583cea0 WorkerThread "GC Thread#0" [stack: 0x00000027fd800000,0x00000027fd900000] [id=4148]
  0x0000019f8584ead0 ConcurrentGCThread "G1 Main Marker" [stack: 0x00000027fd900000,0x00000027fda00000] [id=10616]
  0x0000019f8584f500 WorkerThread "G1 Conc#0" [stack: 0x00000027fda00000,0x00000027fdb00000] [id=14216]

[error occurred during error reporting (printing all threads), id 0xc0000005, EXCEPTION_ACCESS_VIOLATION (0xc0000005) at pc=0x00007ffcbc49d127]

VM state: not at safepoint (not fully initialized)

VM Mutex/Monitor currently owned by a thread:  ([mutex/lock_event])
[0x0000019f857dc590] Heap_lock - owner thread: 0x0000019f857dea00

Heap address: 0x0000000081a00000, size: 2022 MB, Compressed Oops mode: 32-bit

CDS archive(s) mapped at: [0x0000000000000000-0x0000000000000000-0x0000000000000000), size 0, SharedBaseAddress: 0x0000000800000000, ArchiveRelocationMode: 0.
Narrow klass base: 0x0000000000000000, Narrow klass shift: 0, Narrow klass range: 0x0

GC Precious Log:
 CardTable entry size: 512
 Card Set container configuration: InlinePtr #cards 5 size 8 Array Of Cards #cards 12 size 40 Howl #buckets 4 coarsen threshold 1843 Howl Bitmap #cards 512 size 80 coarsen threshold 460 Card regions per heap region 1 cards per card region 2048

Heap:
 garbage-first heap   total 0K, used 0K [0x0000000081a00000, 0x0000000100000000)
  region size 1024K, 0 young (0K), 0 survivors (0K)

[error occurred during error reporting (printing heap information), id 0xc0000005, EXCEPTION_ACCESS_VIOLATION (0xc0000005) at pc=0x00007ffcbc8a6959]

GC Heap History (0 events):
No events

Dll operation events (1 events):
Event: 0.018 Loaded shared library C:\Users\Tania\.jdks\openjdk-19.0.1\bin\java.dll

Deoptimization events (0 events):
No events

Classes loaded (0 events):
No events

Classes unloaded (0 events):
No events

Classes redefined (0 events):
No events

Internal exceptions (0 events):
No events

VM Operations (0 events):
No events

Events (0 events):
No events


Dynamic libraries:
0x00007ff605910000 - 0x00007ff60591e000 	C:\Users\Tania\.jdks\openjdk-19.0.1\bin\java.exe
0x00007ffd01d10000 - 0x00007ffd01f08000 	C:\WINDOWS\SYSTEM32\ntdll.dll
0x00007ffd01b70000 - 0x00007ffd01c2f000 	C:\WINDOWS\System32\KERNEL32.DLL
0x00007ffcffa80000 - 0x00007ffcffd52000 	C:\WINDOWS\System32\KERNELBASE.dll
0x00007ffcff480000 - 0x00007ffcff580000 	C:\WINDOWS\System32\ucrtbase.dll
0x00007ffceb5f0000 - 0x00007ffceb607000 	C:\Users\Tania\.jdks\openjdk-19.0.1\bin\jli.dll
0x00007ffd014a0000 - 0x00007ffd01641000 	C:\WINDOWS\System32\USER32.dll
0x00007ffcff940000 - 0x00007ffcff962000 	C:\WINDOWS\System32\win32u.dll
0x00007ffd00860000 - 0x00007ffd0088b000 	C:\WINDOWS\System32\GDI32.dll
0x00007ffcf9ab0000 - 0x00007ffcf9acb000 	C:\Users\Tania\.jdks\openjdk-19.0.1\bin\VCRUNTIME140.dll
0x00007ffcff970000 - 0x00007ffcffa7f000 	C:\WINDOWS\System32\gdi32full.dll
0x00007ffcff6c0000 - 0x00007ffcff75d000 	C:\WINDOWS\System32\msvcp_win.dll
0x00007ffcec410000 - 0x00007ffcec6aa000 	C:\WINDOWS\WinSxS\amd64_microsoft.windows.common-controls_6595b64144ccf1df_6.0.19041.1110_none_60b5254171f9507e\COMCTL32.dll
0x00007ffd01c30000 - 0x00007ffd01cce000 	C:\WINDOWS\System32\msvcrt.dll
0x00007ffd013f0000 - 0x00007ffd01420000 	C:\WINDOWS\System32\IMM32.DLL
0x00007ffcf55e0000 - 0x00007ffcf55ec000 	C:\Users\Tania\.jdks\openjdk-19.0.1\bin\vcruntime140_1.dll
0x00007ffcdcbb0000 - 0x00007ffcdcc3e000 	C:\Users\Tania\.jdks\openjdk-19.0.1\bin\msvcp140.dll
0x00007ffcbc160000 - 0x00007ffcbce20000 	C:\Users\Tania\.jdks\openjdk-19.0.1\bin\server\jvm.dll
0x00007ffd00890000 - 0x00007ffd0093e000 	C:\WINDOWS\System32\ADVAPI32.dll
0x00007ffd01350000 - 0x00007ffd013ec000 	C:\WINDOWS\System32\sechost.dll
0x00007ffd00110000 - 0x00007ffd00234000 	C:\WINDOWS\System32\RPCRT4.dll
0x00007ffcfa0a0000 - 0x00007ffcfa0a9000 	C:\WINDOWS\SYSTEM32\WSOCK32.dll
0x00007ffd01b00000 - 0x00007ffd01b6b000 	C:\WINDOWS\System32\WS2_32.dll
0x00007ffcf98a0000 - 0x00007ffcf98c7000 	C:\WINDOWS\SYSTEM32\WINMM.dll
0x00007ffcedf50000 - 0x00007ffcedf5a000 	C:\WINDOWS\SYSTEM32\VERSION.dll
0x00007ffcfd2d0000 - 0x00007ffcfd2e2000 	C:\WINDOWS\SYSTEM32\kernel.appcore.dll
0x00007ffcf5590000 - 0x00007ffcf559a000 	C:\Users\Tania\.jdks\openjdk-19.0.1\bin\jimage.dll
0x00007ffce8b10000 - 0x00007ffce8cf4000 	C:\WINDOWS\SYSTEM32\DBGHELP.DLL
0x00007ffce8a80000 - 0x00007ffce8ab5000 	C:\WINDOWS\SYSTEM32\dbgcore.DLL
0x00007ffcff580000 - 0x00007ffcff602000 	C:\WINDOWS\System32\bcryptPrimitives.dll
0x00007ffcedd80000 - 0x00007ffcedd8e000 	C:\Users\Tania\.jdks\openjdk-19.0.1\bin\instrument.dll
0x00007ffceaaa0000 - 0x00007ffceaac6000 	C:\Users\Tania\.jdks\openjdk-19.0.1\bin\java.dll

dbghelp: loaded successfully - version: 4.0.5 - missing functions: none
symbol engine: initialized successfully - sym options: 0x614 - pdb path: .;C:\Users\Tania\.jdks\openjdk-19.0.1\bin;C:\WINDOWS\SYSTEM32;C:\WINDOWS\WinSxS\amd64_microsoft.windows.common-controls_6595b64144ccf1df_6.0.19041.1110_none_60b5254171f9507e;C:\Users\Tania\.jdks\openjdk-19.0.1\bin\server

VM Arguments:
jvm_args: -ea -Didea.test.cyclic.buffer.size=1048576 -javaagent:C:\Program Files\JetBrains\IntelliJ IDEA 2022.2.3\lib\idea_rt.jar=58006:C:\Program Files\JetBrains\IntelliJ IDEA 2022.2.3\bin -Dfile.encoding=UTF-8 -Dsun.stdout.encoding=UTF-8 -Dsun.stderr.encoding=UTF-8 
java_command: com.intellij.rt.junit.JUnitStarter -ideVersion5 -junit5 OperatiiTest
java_class_path (initial): C:\Users\Tania\.m2\repository\org\junit\platform\junit-platform-launcher\1.8.1\junit-platform-launcher-1.8.1.jar;C:\Program Files\JetBrains\IntelliJ IDEA 2022.2.3\lib\idea_rt.jar;C:\Program Files\JetBrains\IntelliJ IDEA 2022.2.3\plugins\junit\lib\junit5-rt.jar;C:\Program Files\JetBrains\IntelliJ IDEA 2022.2.3\plugins\junit\lib\junit-rt.jar;C:\Users\Tania\Desktop\an2sem2\TP\MyCalculator\target\test-classes;C:\Users\Tania\Desktop\an2sem2\TP\MyCalculator\target\classes;C:\Users\Tania\.m2\repository\org\junit\jupiter\junit-jupiter\5.8.1\junit-jupiter-5.8.1.jar;C:\Users\Tania\.m2\repository\org\junit\jupiter\junit-jupiter-api\5.8.1\junit-jupiter-api-5.8.1.jar;C:\Users\Tania\.m2\repository\org\opentest4j\opentest4j\1.2.0\opentest4j-1.2.0.jar;C:\Users\Tania\.m2\repository\org\junit\platform\junit-platform-commons\1.8.1\junit-platform-commons-1.8.1.jar;C:\Users\Tania\.m2\repository\org\apiguardian\apiguardian-api\1.1.2\apiguardian-api-1.1.2.jar;C:\Users\Tania\.m2\repository\org\junit\jupiter\junit-jupiter-params\5.8.1\junit-jupiter-params-5.8.1.jar;C:\Users\Tania\.m2\repository\org\junit\jupiter\junit-jupiter-engine\5.8.1\junit-jupiter-engine-5.8.1.jar;C:\Users\Tania\.m2\repository\org\junit\platform\junit-platform-engine\1.8.1\junit-platform-engine-1.8.1.jar
Launcher Type: SUN_STANDARD

[Global flags]
     intx CICompilerCount                          = 4                                         {product} {ergonomic}
     uint ConcGCThreads                            = 2                                         {product} {ergonomic}
     uint G1ConcRefinementThreads                  = 8                                         {product} {ergonomic}
   size_t G1HeapRegionSize                         = 1048576                                   {product} {ergonomic}
    uintx GCDrainStackTargetSize                   = 64                                        {product} {ergonomic}
   size_t InitialHeapSize                          = 134217728                                 {product} {ergonomic}
   size_t MarkStackSize                            = 4194304                                   {product} {ergonomic}
   size_t MaxHeapSize                              = 2120220672                                {product} {ergonomic}
   size_t MinHeapDeltaBytes                        = 1048576                                   {product} {ergonomic}
   size_t MinHeapSize                              = 8388608                                   {product} {ergonomic}
    uintx NonNMethodCodeHeapSize                   = 5839372                                {pd product} {ergonomic}
    uintx NonProfiledCodeHeapSize                  = 122909434                              {pd product} {ergonomic}
    uintx ProfiledCodeHeapSize                     = 122909434                              {pd product} {ergonomic}
    uintx ReservedCodeCacheSize                    = 251658240                              {pd product} {ergonomic}
     bool SegmentedCodeCache                       = true                                      {product} {ergonomic}
   size_t SoftMaxHeapSize                          = 2120220672                             {manageable} {ergonomic}
     bool UseCompressedClassPointers               = true                           {product lp64_product} {ergonomic}
     bool UseCompressedOops                        = true                           {product lp64_product} {ergonomic}
     bool UseG1GC                                  = true                                      {product} {ergonomic}
     bool UseLargePagesIndividualAllocation        = false                                  {pd product} {ergonomic}

Logging:
Log output configuration:
 #0: stdout all=warning uptime,level,tags foldmultilines=false
 #1: stderr all=off uptime,level,tags foldmultilines=false

Environment Variables:
JAVA_HOME=C:\Program Files\Java\jdk-19
PATH=C:\Program Files\Java\jdk-19\bin;C:\ProgramData\Oracle\Java\javapath;C:\WINDOWS\system32;C:\WINDOWS;C:\WINDOWS\System32\Wbem;C:\WINDOWS\System32\WindowsPowerShell\v1.0\;C:\WINDOWS\System32\OpenSSH\;C:\PROGRA~2\Aldec\ACTIVE~1.3\BIN;C:\Program Files\dotnet\;C:\Program Files\Git\cmd;C:\Program Files\MATLAB\R2022b\bin;C:\Program Files\MySQL\MySQL Shell 8.0\bin\;C:\Users\Tania\AppData\Local\Microsoft\WindowsApps;;C:\Program Files\JetBrains\CLion 2022.2.4\bin;;C:\Users\Tania\.dotnet\tools;C:\Program Files\JetBrains\IntelliJ IDEA 2022.2.3\bin;
USERNAME=Tania
OS=Windows_NT
PROCESSOR_IDENTIFIER=Intel64 Family 6 Model 94 Stepping 3, GenuineIntel
TMP=C:\Users\Tania\AppData\Local\Temp
TEMP=C:\Users\Tania\AppData\Local\Temp



---------------  S Y S T E M  ---------------

OS:
 Windows 10 , 64 bit Build 19041 (10.0.19041.2546)
OS uptime: 13 days 10:15 hours

CPU: total 8 (initial active 8) (4 cores per cpu, 2 threads per core) family 6 model 94 stepping 3 microcode 0xcc, cx8, cmov, fxsr, ht, mmx, 3dnowpref, sse, sse2, sse3, ssse3, sse4.1, sse4.2, popcnt, lzcnt, tsc, tscinvbit, avx, avx2, aes, erms, clmul, bmi1, bmi2, rtm, adx, fma, vzeroupper, clflush, clflushopt, rdtscp

Memory: 4k page, system-wide physical 8087M (1133M free)
TotalPageFile size 28920M (AvailPageFile size 44M)
current process WorkingSet (physical memory assigned to process): 11M, peak: 11M
current process commit charge ("private bytes"): 60M, peak: 188M

vm_info: OpenJDK 64-Bit Server VM (19.0.1+10-21) for windows-amd64 JRE (19.0.1+10-21), built on 2022-09-14T12:45:06Z by "mach5one" with MS VC++ 17.1 (VS2022)

END.
